
2014-5-16
 * 新增应用目录,整合MVC目录结构, 修正项目路径
 * 整合static和cache
 * 参考CI思想,新增扩展载入
 * 

2014-5-13
 * 分离核心库部分方法, 转为私有方法库
 * 修正URL解析,数据组装方法
 * 修改传参,渲染方法
 * 删除并分离部分附加方法库方法

2014-4-30
 * 修正linux无法加载类严重级BUG
 * 修改核心库部分方法
 * 添加缓存目录,附加方法库添加两个方法
 * 修正核心类自动连接数据库问题

2014-4-25
 * 修改核心方法库部分方法
 * 新增核心方法
 * 使用反射捕获方法参数
 * 修正核心类错误级别BUG

2014-4-5
 * 新增用户方法库
 * 新增模板layout系统
 * 调整核心方法库与附加方法库
 * 修改配置设定方式

2014-3-27
 * 独立成新框架, MVC分层,  框架整体基本完成
 * 分离核心方法库, 独立成附加方法库
 * 框架命名为mzPHP, 旨意: More ZZZ, Let's PHP! 
 * 整个框架提交至git

2014-3-21
 * 由于个人需要, 找到一个框架, 发现不能满足需求, 着手进行框架的修改
 * 修改中,渐渐有借鉴其他框架而独立出一个新框架的想法
 * 修改目录结构
 * 数据库连贯操作
 * 新增和修正魔术方法

